
2023-10-14 11:07:23 INFO  DangNhapJDialog:51 - Nguoi dung dang nhap!.
2023-10-14 11:08:07 INFO  DangNhapJDialog:51 - Nguoi dung dang nhap!.
2023-10-14 11:09:05 INFO  DangNhapJDialog:51 - Nguoi dung dang nhap!.
2023-10-14 11:09:07 WARN  DangNhapJDialog:60 - Ai đó đã nhập đúng mã nhân viên sonnt nhưng sai mật khẩu
2023-10-14 15:04:48 INFO  DangNhapJDialog:51 - Nguoi dung dang nhap!.
2023-10-14 15:04:49 INFO  EDUSYSJFrame:36 - Nhân viên: sonnt đăng nhập hệ thống!
2023-10-14 15:12:12 INFO  DangNhapJDialog:51 - Nguoi dung dang nhap!.
2023-10-14 15:12:13 INFO  EDUSYSJFrame:36 - Nhân viên: sonnt đăng nhập hệ thống!
2023-10-15 09:02:29 INFO  DangNhapJDialog:51 - Nguoi dung dang nhap!.
2023-10-15 09:02:29 INFO  EDUSYSJFrame:36 - Nhân viên: sonnt đăng nhập hệ thống!
2023-10-15 09:07:20 INFO  DangNhapJDialog:51 - Nguoi dung dang nhap!.
2023-10-15 09:07:21 INFO  EDUSYSJFrame:36 - Nhân viên: sonnt đăng nhập hệ thống!
2023-10-15 17:36:07 INFO  DangNhapJDialog:51 - Nguoi dung dang nhap!.
2023-10-15 17:36:08 INFO  EDUSYSJFrame:36 - Nhân viên: sonnt đăng nhập hệ thống!
2023-10-15 21:29:05 INFO  DangNhapJDialog:52 - Nguoi dung dang nhap!.
2023-10-15 21:30:14 INFO  DangNhapJDialog:52 - Nguoi dung dang nhap!.
2023-10-15 21:31:11 INFO  DangNhapJDialog:52 - Nguoi dung dang nhap!.
2023-10-15 21:31:12 WARN  DangNhapJDialog:63 - Ai đó đã nhập đúng mã nhân viên sonnt nhưng sai mật khẩu
2023-10-15 22:48:32 INFO  EDUSYSJFrame:36 - Nhân viên: sonnt đăng nhập hệ thống!
2023-10-15 22:55:17 INFO  EDUSYSJFrame:36 - Nhân viên: sonnt đăng nhập hệ thống!
2023-10-15 23:09:42 INFO  DangNhapJDialog:51 - Nguoi dung dang nhap!.
2023-10-15 23:09:42 INFO  EDUSYSJFrame:36 - Nhân viên: sonnt đăng nhập hệ thống!
2023-10-15 23:11:14 INFO  EDUSYSJFrame:36 - Nhân viên: sonnt đăng nhập hệ thống!
2023-10-15 23:11:52 INFO  DangNhapJDialog:51 - Nguoi dung dang nhap!.
2023-10-15 23:11:53 INFO  EDUSYSJFrame:36 - Nhân viên: sonnt đăng nhập hệ thống!
2023-10-16 14:55:17 INFO  EDUSYSJFrame:36 - Nhân viên: sonnt đăng nhập hệ thống!
2023-10-16 14:58:29 INFO  DangNhapJDialog:51 - Nguoi dung dang nhap!.
2023-10-16 14:58:34 INFO  DangNhapJDialog:51 - Nguoi dung dang nhap!.
2023-10-16 14:58:59 INFO  EDUSYSJFrame:36 - Nhân viên: sonnt đăng nhập hệ thống!
2023-10-16 15:21:45 INFO  DangNhapJDialog:51 - Nguoi dung dang nhap!.
2023-10-16 15:21:48 INFO  DangNhapJDialog:51 - Nguoi dung dang nhap!.
2023-10-16 15:21:49 INFO  DangNhapJDialog:51 - Nguoi dung dang nhap!.
2023-10-16 15:21:49 INFO  DangNhapJDialog:51 - Nguoi dung dang nhap!.
2023-10-16 15:24:18 INFO  DangNhapJDialog:51 - Nguoi dung dang nhap!.
2023-10-16 15:31:09 INFO  DangNhapJDialog:51 - Nguoi dung dang nhap!.
2023-10-16 15:39:52 INFO  DangNhapJDialog:51 - Nguoi dung dang nhap!.
2023-10-16 15:39:52 INFO  EDUSYSJFrame:36 - Nhân viên: sonnt đăng nhập hệ thống!
2023-10-16 20:54:40 INFO  DangNhapJDialog:51 - Nguoi dung dang nhap!.
2023-10-16 20:54:41 INFO  EDUSYSJFrame:36 - Nhân viên: sonnt đăng nhập hệ thống!
2023-10-16 20:59:55 INFO  DangNhapJDialog:51 - Nguoi dung dang nhap!.
2023-10-16 20:59:56 INFO  EDUSYSJFrame:37 - Nhân viên: haulp đăng nhập hệ thống!
2023-10-16 21:00:37 INFO  DangNhapJDialog:51 - Nguoi dung dang nhap!.
2023-10-16 21:00:37 INFO  EDUSYSJFrame:37 - Nhân viên: haulp đăng nhập hệ thống!
2023-10-16 22:44:58 INFO  DangNhapJDialog:51 - Nguoi dung dang nhap!.
2023-10-16 22:44:58 INFO  EDUSYSJFrame:37 - Nhân viên: sonnt đăng nhập hệ thống!
2023-10-16 22:47:33 INFO  HocVienJDialog:352 - sonnt Đã thêm học viên
2023-10-16 22:50:20 INFO  DangNhapJDialog:51 - Nguoi dung dang nhap!.
2023-10-16 22:50:20 INFO  EDUSYSJFrame:37 - Nhân viên: sonnt đăng nhập hệ thống!
2023-10-16 22:51:08 INFO  HocVienJDialog:399 - sonnt Đã cập nhật điểm của học viên Nguyễn Sơn
2023-10-17 15:03:17 INFO  DangNhapJDialog:51 - Nguoi dung dang nhap!.
2023-10-17 15:03:18 INFO  EDUSYSJFrame:37 - Nhân viên: sonnt đăng nhập hệ thống!
2023-10-17 15:06:07 INFO  DangNhapJDialog:51 - Nguoi dung dang nhap!.
2023-10-17 15:06:08 INFO  EDUSYSJFrame:37 - Nhân viên: sonnt đăng nhập hệ thống!
2023-11-13 17:07:09 INFO  DangNhapJDialog:51 - Nguoi dung dang nhap!.
2023-11-13 17:07:09 INFO  EDUSYSJFrame:37 - Nhân viên: sonnt đăng nhập hệ thống!
